# JRE version: OpenJDK Runtime Environment (8.0_202-b03) (build 1.8.0_202-release-1483-b03)
# Java VM: OpenJDK 64-Bit Server VM (25.202-b03 mixed mode windows-amd64 compressed oops)
Heap:
 PSYoungGen      total 220160K, used 117265K [0x00000000e0000000, 0x00000000f2080000, 0x0000000100000000)
  eden space 193024K, 60% used [0x00000000e0000000,0x00000000e7284470,0x00000000ebc80000)
  from space 27136K, 0% used [0x00000000f0600000,0x00000000f0600000,0x00000000f2080000)
  to   space 36352K, 0% used [0x00000000ed980000,0x00000000ed980000,0x00000000efd00000)
 ParOldGen       total 82432K, used 36640K [0x00000000a0000000, 0x00000000a5080000, 0x00000000e0000000)
  object space 82432K, 44% used [0x00000000a0000000,0x00000000a23c8370,0x00000000a5080000)
 Metaspace       used 64045K, capacity 65447K, committed 65576K, reserved 1105920K
  class space    used 7842K, capacity 8219K, committed 8232K, reserved 1048576K
GC Heap History (10 events):
Event: 8.329 GC heap before
{Heap before GC invocations=10 (full 3):
 PSYoungGen      total 79360K, used 74240K [0x00000000e0000000, 0x00000000ea100000, 0x0000000100000000)
  eden space 74240K, 100% used [0x00000000e0000000,0x00000000e4880000,0x00000000e4880000)
  from space 5120K, 0% used [0x00000000e5980000,0x00000000e5980000,0x00000000e5e80000)
  to   space 17408K, 0% used [0x00000000e4880000,0x00000000e4880000,0x00000000e5980000)
 ParOldGen       total 82432K, used 16652K [0x00000000a0000000, 0x00000000a5080000, 0x00000000e0000000)
  object space 82432K, 20% used [0x00000000a0000000,0x00000000a1043210,0x00000000a5080000)
 Metaspace       used 45131K, capacity 45923K, committed 46248K, reserved 1089536K
  class space    used 5819K, capacity 6041K, committed 6056K, reserved 1048576K
Event: 8.351 GC heap after
Heap after GC invocations=10 (full 3):
 PSYoungGen      total 91648K, used 17407K [0x00000000e0000000, 0x00000000eaf80000, 0x0000000100000000)
  eden space 74240K, 0% used [0x00000000e0000000,0x00000000e0000000,0x00000000e4880000)
  from space 17408K, 99% used [0x00000000e4880000,0x00000000e597fd70,0x00000000e5980000)
  to   space 21504K, 0% used [0x00000000e9a80000,0x00000000e9a80000,0x00000000eaf80000)
 ParOldGen       total 82432K, used 18060K [0x00000000a0000000, 0x00000000a5080000, 0x00000000e0000000)
  object space 82432K, 21% used [0x00000000a0000000,0x00000000a11a3018,0x00000000a5080000)
 Metaspace       used 45131K, capacity 45923K, committed 46248K, reserved 1089536K
  class space    used 5819K, capacity 6041K, committed 6056K, reserved 1048576K
}
Event: 11.061 GC heap before
{Heap before GC invocations=11 (full 3):
 PSYoungGen      total 91648K, used 91647K [0x00000000e0000000, 0x00000000eaf80000, 0x0000000100000000)
  eden space 74240K, 100% used [0x00000000e0000000,0x00000000e4880000,0x00000000e4880000)
  from space 17408K, 99% used [0x00000000e4880000,0x00000000e597fd70,0x00000000e5980000)
  to   space 21504K, 0% used [0x00000000e9a80000,0x00000000e9a80000,0x00000000eaf80000)
 ParOldGen       total 82432K, used 18060K [0x00000000a0000000, 0x00000000a5080000, 0x00000000e0000000)
  object space 82432K, 21% used [0x00000000a0000000,0x00000000a11a3018,0x00000000a5080000)
 Metaspace       used 50547K, capacity 51609K, committed 51752K, reserved 1093632K
  class space    used 6555K, capacity 6864K, committed 6952K, reserved 1048576K
Event: 11.093 GC heap after
Heap after GC invocations=11 (full 3):
 PSYoungGen      total 155136K, used 20167K [0x00000000e0000000, 0x00000000eb300000, 0x0000000100000000)
  eden space 133632K, 0% used [0x00000000e0000000,0x00000000e0000000,0x00000000e8280000)
  from space 21504K, 93% used [0x00000000e9a80000,0x00000000eae31c28,0x00000000eaf80000)
  to   space 24576K, 0% used [0x00000000e8280000,0x00000000e8280000,0x00000000e9a80000)
 ParOldGen       total 82432K, used 18068K [0x00000000a0000000, 0x00000000a5080000, 0x00000000e0000000)
  object space 82432K, 21% used [0x00000000a0000000,0x00000000a11a5018,0x00000000a5080000)
 Metaspace       used 50547K, capacity 51609K, committed 51752K, reserved 1093632K
  class space    used 6555K, capacity 6864K, committed 6952K, reserved 1048576K
}
Event: 48.578 GC heap before
{Heap before GC invocations=12 (full 3):
 PSYoungGen      total 155136K, used 153799K [0x00000000e0000000, 0x00000000eb300000, 0x0000000100000000)
  eden space 133632K, 100% used [0x00000000e0000000,0x00000000e8280000,0x00000000e8280000)
  from space 21504K, 93% used [0x00000000e9a80000,0x00000000eae31c28,0x00000000eaf80000)
  to   space 24576K, 0% used [0x00000000e8280000,0x00000000e8280000,0x00000000e9a80000)
 ParOldGen       total 82432K, used 18068K [0x00000000a0000000, 0x00000000a5080000, 0x00000000e0000000)
  object space 82432K, 21% used [0x00000000a0000000,0x00000000a11a5018,0x00000000a5080000)
 Metaspace       used 57380K, capacity 58555K, committed 58792K, reserved 1099776K
  class space    used 7220K, capacity 7541K, committed 7592K, reserved 1048576K
Event: 48.622 GC heap after
Heap after GC invocations=12 (full 3):
 PSYoungGen      total 158208K, used 24570K [0x00000000e0000000, 0x00000000f2680000, 0x0000000100000000)
  eden space 133632K, 0% used [0x00000000e0000000,0x00000000e0000000,0x00000000e8280000)
  from space 24576K, 99% used [0x00000000e8280000,0x00000000e9a7eac8,0x00000000e9a80000)
  to   space 33280K, 0% used [0x00000000f0600000,0x00000000f0600000,0x00000000f2680000)
 ParOldGen       total 82432K, used 30402K [0x00000000a0000000, 0x00000000a5080000, 0x00000000e0000000)
  object space 82432K, 36% used [0x00000000a0000000,0x00000000a1db0858,0x00000000a5080000)
 Metaspace       used 57380K, capacity 58555K, committed 58792K, reserved 1099776K
  class space    used 7220K, capacity 7541K, committed 7592K, reserved 1048576K
}
Event: 49.746 GC heap before
{Heap before GC invocations=13 (full 3):
 PSYoungGen      total 158208K, used 93353K [0x00000000e0000000, 0x00000000f2680000, 0x0000000100000000)
  eden space 133632K, 51% used [0x00000000e0000000,0x00000000e432bc38,0x00000000e8280000)
  from space 24576K, 99% used [0x00000000e8280000,0x00000000e9a7eac8,0x00000000e9a80000)
  to   space 33280K, 0% used [0x00000000f0600000,0x00000000f0600000,0x00000000f2680000)
 ParOldGen       total 82432K, used 30402K [0x00000000a0000000, 0x00000000a5080000, 0x00000000e0000000)
  object space 82432K, 36% used [0x00000000a0000000,0x00000000a1db0858,0x00000000a5080000)
 Metaspace       used 57867K, capacity 59043K, committed 59160K, reserved 1101824K
  class space    used 7235K, capacity 7573K, committed 7592K, reserved 1048576K
Event: 49.804 GC heap after
Heap after GC invocations=13 (full 3):
 PSYoungGen      total 220160K, used 27076K [0x00000000e0000000, 0x00000000f2080000, 0x0000000100000000)
  eden space 193024K, 0% used [0x00000000e0000000,0x00000000e0000000,0x00000000ebc80000)
  from space 27136K, 99% used [0x00000000f0600000,0x00000000f20713a0,0x00000000f2080000)
  to   space 36352K, 0% used [0x00000000ed980000,0x00000000ed980000,0x00000000efd00000)
 ParOldGen       total 82432K, used 37935K [0x00000000a0000000, 0x00000000a5080000, 0x00000000e0000000)
  object space 82432K, 46% used [0x00000000a0000000,0x00000000a250bdd8,0x00000000a5080000)
 Metaspace       used 57867K, capacity 59043K, committed 59160K, reserved 1101824K
  class space    used 7235K, capacity 7573K, committed 7592K, reserved 1048576K
}
Event: 49.804 GC heap before
{Heap before GC invocations=14 (full 4):
 PSYoungGen      total 220160K, used 27076K [0x00000000e0000000, 0x00000000f2080000, 0x0000000100000000)
  eden space 193024K, 0% used [0x00000000e0000000,0x00000000e0000000,0x00000000ebc80000)
  from space 27136K, 99% used [0x00000000f0600000,0x00000000f20713a0,0x00000000f2080000)
  to   space 36352K, 0% used [0x00000000ed980000,0x00000000ed980000,0x00000000efd00000)
 ParOldGen       total 82432K, used 37935K [0x00000000a0000000, 0x00000000a5080000, 0x00000000e0000000)
  object space 82432K, 46% used [0x00000000a0000000,0x00000000a250bdd8,0x00000000a5080000)
 Metaspace       used 57867K, capacity 59043K, committed 59160K, reserved 1101824K
  class space    used 7235K, capacity 7573K, committed 7592K, reserved 1048576K
Event: 49.977 GC heap after
Heap after GC invocations=14 (full 4):
 PSYoungGen      total 220160K, used 0K [0x00000000e0000000, 0x00000000f2080000, 0x0000000100000000)
  eden space 193024K, 0% used [0x00000000e0000000,0x00000000e0000000,0x00000000ebc80000)
  from space 27136K, 0% used [0x00000000f0600000,0x00000000f0600000,0x00000000f2080000)
  to   space 36352K, 0% used [0x00000000ed980000,0x00000000ed980000,0x00000000efd00000)
 ParOldGen       total 82432K, used 36640K [0x00000000a0000000, 0x00000000a5080000, 0x00000000e0000000)
  object space 82432K, 44% used [0x00000000a0000000,0x00000000a23c8370,0x00000000a5080000)
 Metaspace       used 57867K, capacity 59043K, committed 59160K, reserved 1101824K
  class space    used 7235K, capacity 7573K, committed 7592K, reserved 1048576K
}

