# JRE version: OpenJDK Runtime Environment (8.0_202-b03) (build 1.8.0_202-release-1483-b03)
# Java VM: OpenJDK 64-Bit Server VM (25.202-b03 mixed mode windows-amd64 compressed oops)
Heap:
 PSYoungGen      total 338944K, used 142145K [0x00000000e0000000, 0x00000000f8080000, 0x0000000100000000)
  eden space 286208K, 35% used [0x00000000e0000000,0x00000000e631ef70,0x00000000f1780000)
  from space 52736K, 77% used [0x00000000f4c00000,0x00000000f73b15a8,0x00000000f7f80000)
  to   space 53760K, 0% used [0x00000000f1780000,0x00000000f1780000,0x00000000f4c00000)
 ParOldGen       total 181760K, used 86548K [0x00000000a0000000, 0x00000000ab180000, 0x00000000e0000000)
  object space 181760K, 47% used [0x00000000a0000000,0x00000000a5485300,0x00000000ab180000)
 Metaspace       used 105697K, capacity 111876K, committed 112576K, reserved 1146880K
  class space    used 13314K, capacity 14435K, committed 14784K, reserved 1048576K
GC Heap History (10 events):
Event: 3158.532 GC heap before
{Heap before GC invocations=36 (full 4):
 PSYoungGen      total 339968K, used 322665K [0x00000000e0000000, 0x00000000f8080000, 0x0000000100000000)
  eden space 286208K, 100% used [0x00000000e0000000,0x00000000f1780000,0x00000000f1780000)
  from space 53760K, 67% used [0x00000000f1780000,0x00000000f3b1a7b0,0x00000000f4c00000)
  to   space 52736K, 0% used [0x00000000f4c00000,0x00000000f4c00000,0x00000000f7f80000)
 ParOldGen       total 181760K, used 51296K [0x00000000a0000000, 0x00000000ab180000, 0x00000000e0000000)
  object space 181760K, 28% used [0x00000000a0000000,0x00000000a32180a0,0x00000000ab180000)
 Metaspace       used 104517K, capacity 110620K, committed 111424K, reserved 1146880K
  class space    used 13206K, capacity 14339K, committed 14656K, reserved 1048576K
Event: 3158.619 GC heap after
Heap after GC invocations=36 (full 4):
 PSYoungGen      total 338944K, used 13231K [0x00000000e0000000, 0x00000000f8080000, 0x0000000100000000)
  eden space 286208K, 0% used [0x00000000e0000000,0x00000000e0000000,0x00000000f1780000)
  from space 52736K, 25% used [0x00000000f4c00000,0x00000000f58ebd38,0x00000000f7f80000)
  to   space 53760K, 0% used [0x00000000f1780000,0x00000000f1780000,0x00000000f4c00000)
 ParOldGen       total 181760K, used 76871K [0x00000000a0000000, 0x00000000ab180000, 0x00000000e0000000)
  object space 181760K, 42% used [0x00000000a0000000,0x00000000a4b11c28,0x00000000ab180000)
 Metaspace       used 104517K, capacity 110620K, committed 111424K, reserved 1146880K
  class space    used 13206K, capacity 14339K, committed 14656K, reserved 1048576K
}
Event: 3160.641 GC heap before
{Heap before GC invocations=37 (full 4):
 PSYoungGen      total 338944K, used 299439K [0x00000000e0000000, 0x00000000f8080000, 0x0000000100000000)
  eden space 286208K, 100% used [0x00000000e0000000,0x00000000f1780000,0x00000000f1780000)
  from space 52736K, 25% used [0x00000000f4c00000,0x00000000f58ebd38,0x00000000f7f80000)
  to   space 53760K, 0% used [0x00000000f1780000,0x00000000f1780000,0x00000000f4c00000)
 ParOldGen       total 181760K, used 76871K [0x00000000a0000000, 0x00000000ab180000, 0x00000000e0000000)
  object space 181760K, 42% used [0x00000000a0000000,0x00000000a4b11c28,0x00000000ab180000)
 Metaspace       used 104639K, capacity 110760K, committed 111424K, reserved 1146880K
  class space    used 13220K, capacity 14341K, committed 14656K, reserved 1048576K
Event: 3160.679 GC heap after
Heap after GC invocations=37 (full 4):
 PSYoungGen      total 339968K, used 15218K [0x00000000e0000000, 0x00000000f8080000, 0x0000000100000000)
  eden space 286208K, 0% used [0x00000000e0000000,0x00000000e0000000,0x00000000f1780000)
  from space 53760K, 28% used [0x00000000f1780000,0x00000000f265cb78,0x00000000f4c00000)
  to   space 52736K, 0% used [0x00000000f4c00000,0x00000000f4c00000,0x00000000f7f80000)
 ParOldGen       total 181760K, used 77527K [0x00000000a0000000, 0x00000000ab180000, 0x00000000e0000000)
  object space 181760K, 42% used [0x00000000a0000000,0x00000000a4bb5c28,0x00000000ab180000)
 Metaspace       used 104639K, capacity 110760K, committed 111424K, reserved 1146880K
  class space    used 13220K, capacity 14341K, committed 14656K, reserved 1048576K
}
Event: 3165.385 GC heap before
{Heap before GC invocations=38 (full 4):
 PSYoungGen      total 339968K, used 301426K [0x00000000e0000000, 0x00000000f8080000, 0x0000000100000000)
  eden space 286208K, 100% used [0x00000000e0000000,0x00000000f1780000,0x00000000f1780000)
  from space 53760K, 28% used [0x00000000f1780000,0x00000000f265cb78,0x00000000f4c00000)
  to   space 52736K, 0% used [0x00000000f4c00000,0x00000000f4c00000,0x00000000f7f80000)
 ParOldGen       total 181760K, used 77527K [0x00000000a0000000, 0x00000000ab180000, 0x00000000e0000000)
  object space 181760K, 42% used [0x00000000a0000000,0x00000000a4bb5c28,0x00000000ab180000)
 Metaspace       used 104723K, capacity 110824K, committed 111424K, reserved 1146880K
  class space    used 13220K, capacity 14341K, committed 14656K, reserved 1048576K
Event: 3165.410 GC heap after
Heap after GC invocations=38 (full 4):
 PSYoungGen      total 338944K, used 15653K [0x00000000e0000000, 0x00000000f8080000, 0x0000000100000000)
  eden space 286208K, 0% used [0x00000000e0000000,0x00000000e0000000,0x00000000f1780000)
  from space 52736K, 29% used [0x00000000f4c00000,0x00000000f5b49520,0x00000000f7f80000)
  to   space 53760K, 0% used [0x00000000f1780000,0x00000000f1780000,0x00000000f4c00000)
 ParOldGen       total 181760K, used 78724K [0x00000000a0000000, 0x00000000ab180000, 0x00000000e0000000)
  object space 181760K, 43% used [0x00000000a0000000,0x00000000a4ce12e0,0x00000000ab180000)
 Metaspace       used 104723K, capacity 110824K, committed 111424K, reserved 1146880K
  class space    used 13220K, capacity 14341K, committed 14656K, reserved 1048576K
}
Event: 3171.007 GC heap before
{Heap before GC invocations=39 (full 4):
 PSYoungGen      total 338944K, used 301861K [0x00000000e0000000, 0x00000000f8080000, 0x0000000100000000)
  eden space 286208K, 100% used [0x00000000e0000000,0x00000000f1780000,0x00000000f1780000)
  from space 52736K, 29% used [0x00000000f4c00000,0x00000000f5b49520,0x00000000f7f80000)
  to   space 53760K, 0% used [0x00000000f1780000,0x00000000f1780000,0x00000000f4c00000)
 ParOldGen       total 181760K, used 78724K [0x00000000a0000000, 0x00000000ab180000, 0x00000000e0000000)
  object space 181760K, 43% used [0x00000000a0000000,0x00000000a4ce12e0,0x00000000ab180000)
 Metaspace       used 104810K, capacity 110894K, committed 111680K, reserved 1146880K
  class space    used 13224K, capacity 14342K, committed 14656K, reserved 1048576K
Event: 3171.030 GC heap after
Heap after GC invocations=39 (full 4):
 PSYoungGen      total 339968K, used 9344K [0x00000000e0000000, 0x00000000f8080000, 0x0000000100000000)
  eden space 286208K, 0% used [0x00000000e0000000,0x00000000e0000000,0x00000000f1780000)
  from space 53760K, 17% used [0x00000000f1780000,0x00000000f20a0000,0x00000000f4c00000)
  to   space 52736K, 0% used [0x00000000f4c00000,0x00000000f4c00000,0x00000000f7f80000)
 ParOldGen       total 181760K, used 79356K [0x00000000a0000000, 0x00000000ab180000, 0x00000000e0000000)
  object space 181760K, 43% used [0x00000000a0000000,0x00000000a4d7f2e0,0x00000000ab180000)
 Metaspace       used 104810K, capacity 110894K, committed 111680K, reserved 1146880K
  class space    used 13224K, capacity 14342K, committed 14656K, reserved 1048576K
}
Event: 3175.832 GC heap before
{Heap before GC invocations=40 (full 4):
 PSYoungGen      total 339968K, used 295552K [0x00000000e0000000, 0x00000000f8080000, 0x0000000100000000)
  eden space 286208K, 100% used [0x00000000e0000000,0x00000000f1780000,0x00000000f1780000)
  from space 53760K, 17% used [0x00000000f1780000,0x00000000f20a0000,0x00000000f4c00000)
  to   space 52736K, 0% used [0x00000000f4c00000,0x00000000f4c00000,0x00000000f7f80000)
 ParOldGen       total 181760K, used 79356K [0x00000000a0000000, 0x00000000ab180000, 0x00000000e0000000)
  object space 181760K, 43% used [0x00000000a0000000,0x00000000a4d7f2e0,0x00000000ab180000)
 Metaspace       used 105676K, capacity 111870K, committed 112576K, reserved 1146880K
  class space    used 13314K, capacity 14434K, committed 14784K, reserved 1048576K
Event: 3175.939 GC heap after
Heap after GC invocations=40 (full 4):
 PSYoungGen      total 338944K, used 40645K [0x00000000e0000000, 0x00000000f8080000, 0x0000000100000000)
  eden space 286208K, 0% used [0x00000000e0000000,0x00000000e0000000,0x00000000f1780000)
  from space 52736K, 77% used [0x00000000f4c00000,0x00000000f73b15a8,0x00000000f7f80000)
  to   space 53760K, 0% used [0x00000000f1780000,0x00000000f1780000,0x00000000f4c00000)
 ParOldGen       total 181760K, used 86548K [0x00000000a0000000, 0x00000000ab180000, 0x00000000e0000000)
  object space 181760K, 47% used [0x00000000a0000000,0x00000000a5485300,0x00000000ab180000)
 Metaspace       used 105676K, capacity 111870K, committed 112576K, reserved 1146880K
  class space    used 13314K, capacity 14434K, committed 14784K, reserved 1048576K
}

