# JRE version: OpenJDK Runtime Environment (8.0_202-b03) (build 1.8.0_202-release-1483-b03)
# Java VM: OpenJDK 64-Bit Server VM (25.202-b03 mixed mode windows-amd64 compressed oops)
Heap:
 PSYoungGen      total 146432K, used 63672K [0x00000000e0000000, 0x00000000ebc00000, 0x0000000100000000)
  eden space 117760K, 29% used [0x00000000e0000000,0x00000000e222f2e0,0x00000000e7300000)
  from space 28672K, 99% used [0x00000000ea000000,0x00000000ebbfeda0,0x00000000ebc00000)
  to   space 29696K, 0% used [0x00000000e7300000,0x00000000e7300000,0x00000000e9000000)
 ParOldGen       total 160768K, used 41950K [0x00000000a0000000, 0x00000000a9d00000, 0x00000000e0000000)
  object space 160768K, 26% used [0x00000000a0000000,0x00000000a28f7ac8,0x00000000a9d00000)
 Metaspace       used 67242K, capacity 69139K, committed 69272K, reserved 1110016K
  class space    used 8116K, capacity 8589K, committed 8616K, reserved 1048576K
GC Heap History (10 events):
Event: 10.670 GC heap before
{Heap before GC invocations=14 (full 4):
 PSYoungGen      total 123392K, used 24056K [0x00000000e0000000, 0x00000000e9c80000, 0x0000000100000000)
  eden space 99328K, 0% used [0x00000000e0000000,0x00000000e0000000,0x00000000e6100000)
  from space 24064K, 99% used [0x00000000e8500000,0x00000000e9c7e2d0,0x00000000e9c80000)
  to   space 28160K, 0% used [0x00000000e6580000,0x00000000e6580000,0x00000000e8100000)
 ParOldGen       total 107008K, used 23274K [0x00000000a0000000, 0x00000000a6880000, 0x00000000e0000000)
  object space 107008K, 21% used [0x00000000a0000000,0x00000000a16baa60,0x00000000a6880000)
 Metaspace       used 57879K, capacity 58997K, committed 59160K, reserved 1101824K
  class space    used 7386K, capacity 7692K, committed 7720K, reserved 1048576K
Event: 10.864 GC heap after
Heap after GC invocations=14 (full 4):
 PSYoungGen      total 123392K, used 0K [0x00000000e0000000, 0x00000000e9c80000, 0x0000000100000000)
  eden space 99328K, 0% used [0x00000000e0000000,0x00000000e0000000,0x00000000e6100000)
  from space 24064K, 0% used [0x00000000e8500000,0x00000000e8500000,0x00000000e9c80000)
  to   space 28160K, 0% used [0x00000000e6580000,0x00000000e6580000,0x00000000e8100000)
 ParOldGen       total 160768K, used 39684K [0x00000000a0000000, 0x00000000a9d00000, 0x00000000e0000000)
  object space 160768K, 24% used [0x00000000a0000000,0x00000000a26c1358,0x00000000a9d00000)
 Metaspace       used 57879K, capacity 58997K, committed 59160K, reserved 1101824K
  class space    used 7386K, capacity 7692K, committed 7720K, reserved 1048576K
}
Event: 247.053 GC heap before
{Heap before GC invocations=15 (full 4):
 PSYoungGen      total 123392K, used 99328K [0x00000000e0000000, 0x00000000e9c80000, 0x0000000100000000)
  eden space 99328K, 100% used [0x00000000e0000000,0x00000000e6100000,0x00000000e6100000)
  from space 24064K, 0% used [0x00000000e8500000,0x00000000e8500000,0x00000000e9c80000)
  to   space 28160K, 0% used [0x00000000e6580000,0x00000000e6580000,0x00000000e8100000)
 ParOldGen       total 160768K, used 39684K [0x00000000a0000000, 0x00000000a9d00000, 0x00000000e0000000)
  object space 160768K, 24% used [0x00000000a0000000,0x00000000a26c1358,0x00000000a9d00000)
 Metaspace       used 63770K, capacity 65149K, committed 65432K, reserved 1105920K
  class space    used 7921K, capacity 8256K, committed 8360K, reserved 1048576K
Event: 247.075 GC heap after
Heap after GC invocations=15 (full 4):
 PSYoungGen      total 132096K, used 11683K [0x00000000e0000000, 0x00000000eaa80000, 0x0000000100000000)
  eden space 103936K, 0% used [0x00000000e0000000,0x00000000e0000000,0x00000000e6580000)
  from space 28160K, 41% used [0x00000000e6580000,0x00000000e70e8c90,0x00000000e8100000)
  to   space 27136K, 0% used [0x00000000e9000000,0x00000000e9000000,0x00000000eaa80000)
 ParOldGen       total 160768K, used 39692K [0x00000000a0000000, 0x00000000a9d00000, 0x00000000e0000000)
  object space 160768K, 24% used [0x00000000a0000000,0x00000000a26c3358,0x00000000a9d00000)
 Metaspace       used 63770K, capacity 65149K, committed 65432K, reserved 1105920K
  class space    used 7921K, capacity 8256K, committed 8360K, reserved 1048576K
}
Event: 256.588 GC heap before
{Heap before GC invocations=16 (full 4):
 PSYoungGen      total 132096K, used 115619K [0x00000000e0000000, 0x00000000eaa80000, 0x0000000100000000)
  eden space 103936K, 100% used [0x00000000e0000000,0x00000000e6580000,0x00000000e6580000)
  from space 28160K, 41% used [0x00000000e6580000,0x00000000e70e8c90,0x00000000e8100000)
  to   space 27136K, 0% used [0x00000000e9000000,0x00000000e9000000,0x00000000eaa80000)
 ParOldGen       total 160768K, used 39692K [0x00000000a0000000, 0x00000000a9d00000, 0x00000000e0000000)
  object space 160768K, 24% used [0x00000000a0000000,0x00000000a26c3358,0x00000000a9d00000)
 Metaspace       used 64436K, capacity 65869K, committed 66200K, reserved 1107968K
  class space    used 7964K, capacity 8300K, committed 8360K, reserved 1048576K
Event: 256.634 GC heap after
Heap after GC invocations=16 (full 4):
 PSYoungGen      total 144896K, used 23834K [0x00000000e0000000, 0x00000000eb200000, 0x0000000100000000)
  eden space 117760K, 0% used [0x00000000e0000000,0x00000000e0000000,0x00000000e7300000)
  from space 27136K, 87% used [0x00000000e9000000,0x00000000ea7469f8,0x00000000eaa80000)
  to   space 29696K, 0% used [0x00000000e7300000,0x00000000e7300000,0x00000000e9000000)
 ParOldGen       total 160768K, used 39700K [0x00000000a0000000, 0x00000000a9d00000, 0x00000000e0000000)
  object space 160768K, 24% used [0x00000000a0000000,0x00000000a26c5358,0x00000000a9d00000)
 Metaspace       used 64436K, capacity 65869K, committed 66200K, reserved 1107968K
  class space    used 7964K, capacity 8300K, committed 8360K, reserved 1048576K
}
Event: 356.749 GC heap before
{Heap before GC invocations=17 (full 4):
 PSYoungGen      total 144896K, used 141594K [0x00000000e0000000, 0x00000000eb200000, 0x0000000100000000)
  eden space 117760K, 100% used [0x00000000e0000000,0x00000000e7300000,0x00000000e7300000)
  from space 27136K, 87% used [0x00000000e9000000,0x00000000ea7469f8,0x00000000eaa80000)
  to   space 29696K, 0% used [0x00000000e7300000,0x00000000e7300000,0x00000000e9000000)
 ParOldGen       total 160768K, used 39700K [0x00000000a0000000, 0x00000000a9d00000, 0x00000000e0000000)
  object space 160768K, 24% used [0x00000000a0000000,0x00000000a26c5358,0x00000000a9d00000)
 Metaspace       used 65822K, capacity 67351K, committed 67608K, reserved 1107968K
  class space    used 7994K, capacity 8377K, committed 8488K, reserved 1048576K
Event: 356.768 GC heap after
Heap after GC invocations=17 (full 4):
 PSYoungGen      total 147456K, used 14756K [0x00000000e0000000, 0x00000000ebc00000, 0x0000000100000000)
  eden space 117760K, 0% used [0x00000000e0000000,0x00000000e0000000,0x00000000e7300000)
  from space 29696K, 49% used [0x00000000e7300000,0x00000000e8169100,0x00000000e9000000)
  to   space 28672K, 0% used [0x00000000ea000000,0x00000000ea000000,0x00000000ebc00000)
 ParOldGen       total 160768K, used 39708K [0x00000000a0000000, 0x00000000a9d00000, 0x00000000e0000000)
  object space 160768K, 24% used [0x00000000a0000000,0x00000000a26c7358,0x00000000a9d00000)
 Metaspace       used 65822K, capacity 67351K, committed 67608K, reserved 1107968K
  class space    used 7994K, capacity 8377K, committed 8488K, reserved 1048576K
}
Event: 358.295 GC heap before
{Heap before GC invocations=18 (full 4):
 PSYoungGen      total 147456K, used 132516K [0x00000000e0000000, 0x00000000ebc00000, 0x0000000100000000)
  eden space 117760K, 100% used [0x00000000e0000000,0x00000000e7300000,0x00000000e7300000)
  from space 29696K, 49% used [0x00000000e7300000,0x00000000e8169100,0x00000000e9000000)
  to   space 28672K, 0% used [0x00000000ea000000,0x00000000ea000000,0x00000000ebc00000)
 ParOldGen       total 160768K, used 39708K [0x00000000a0000000, 0x00000000a9d00000, 0x00000000e0000000)
  object space 160768K, 24% used [0x00000000a0000000,0x00000000a26c7358,0x00000000a9d00000)
 Metaspace       used 66947K, capacity 68809K, committed 69016K, reserved 1110016K
  class space    used 8113K, capacity 8588K, committed 8616K, reserved 1048576K
Event: 358.350 GC heap after
Heap after GC invocations=18 (full 4):
 PSYoungGen      total 146432K, used 28667K [0x00000000e0000000, 0x00000000ebc00000, 0x0000000100000000)
  eden space 117760K, 0% used [0x00000000e0000000,0x00000000e0000000,0x00000000e7300000)
  from space 28672K, 99% used [0x00000000ea000000,0x00000000ebbfeda0,0x00000000ebc00000)
  to   space 29696K, 0% used [0x00000000e7300000,0x00000000e7300000,0x00000000e9000000)
 ParOldGen       total 160768K, used 41950K [0x00000000a0000000, 0x00000000a9d00000, 0x00000000e0000000)
  object space 160768K, 26% used [0x00000000a0000000,0x00000000a28f7ac8,0x00000000a9d00000)
 Metaspace       used 66947K, capacity 68809K, committed 69016K, reserved 1110016K
  class space    used 8113K, capacity 8588K, committed 8616K, reserved 1048576K
}

